<?xml version="1.0" encoding="UTF-8"?>
<!-- Generated by org.testng.reporters.JUnitXMLReporter -->
<testsuite hostname="WKSP00075683" name="Default test(failed)" tests="3" failures="0" timestamp="10 Feb 2017 09:15:51 GMT" time="0.008" errors="0">
  <testcase name="@BeforeTest beforeTest" time="0.0" classname="MAX.SeleniumHQ">
    <skipped/>
  </testcase> <!-- @BeforeTest beforeTest -->
  <testcase name="@AfterClass closeBrowser" time="0.0" classname="MAX.SeleniumHQJUNIT">
    <skipped/>
  </testcase> <!-- @AfterClass closeBrowser -->
  <testcase name="@AfterTest afterTest" time="0.0" classname="MAX.SeleniumHQ">
    <skipped/>
  </testcase> <!-- @AfterTest afterTest -->
  <testcase name="testApp" time="0.001" classname="MAX.AppTest">
    <skipped/>
  </testcase> <!-- testApp -->
  <testcase name="testEasy" time="0.001" classname="MAX.SeleniumHQ">
    <skipped/>
  </testcase> <!-- testEasy -->
  <testcase name="valid_UserCredential" time="0.001" classname="MAX.SeleniumHQJUNIT">
    <skipped/>
  </testcase> <!-- valid_UserCredential -->
</testsuite> <!-- Default test(failed) -->
