<?xml version="1.0" encoding="UTF-8"?>
<!-- Generated by org.testng.reporters.JUnitXMLReporter -->
<testsuite hostname="WKSP00075683" name="Test(failed)(failed)" tests="3" failures="0" timestamp="10 Feb 2017 13:57:27 GMT" time="0.015" errors="0">
  <testcase name="@BeforeTest beforeTest" time="0.0" classname="MAX.SeleniumHQ">
    <failure type="java.lang.NoClassDefFoundError" message="org/openqa/selenium/remote/RenderedRemoteWebElement">
      <![CDATA[java.lang.NoClassDefFoundError: org/openqa/selenium/remote/RenderedRemoteWebElement
	at java.lang.ClassLoader.defineClass1(Native Method)
	at java.lang.ClassLoader.defineClass(Unknown Source)
	at java.security.SecureClassLoader.defineClass(Unknown Source)
	at java.net.URLClassLoader.defineClass(Unknown Source)
	at java.net.URLClassLoader.access$100(Unknown Source)
	at java.net.URLClassLoader$1.run(Unknown Source)
	at java.net.URLClassLoader$1.run(Unknown Source)
	at java.security.AccessController.doPrivileged(Native Method)
	at java.net.URLClassLoader.findClass(Unknown Source)
	at java.lang.ClassLoader.loadClass(Unknown Source)
	at sun.misc.Launcher$AppClassLoader.loadClass(Unknown Source)
	at java.lang.ClassLoader.loadClass(Unknown Source)
	at MAX.SeleniumHQ.beforeTest(SeleniumHQ.java:30)
Caused by: java.lang.ClassNotFoundException: org.openqa.selenium.remote.RenderedRemoteWebElement
	at java.net.URLClassLoader.findClass(Unknown Source)
	at java.lang.ClassLoader.loadClass(Unknown Source)
	at sun.misc.Launcher$AppClassLoader.loadClass(Unknown Source)
	at java.lang.ClassLoader.loadClass(Unknown Source)
	... 35 more
... Removed 22 stack frames]]>
    </failure>
  </testcase> <!-- @BeforeTest beforeTest -->
  <testcase name="@BeforeClass openBrowser" time="0.0" classname="MAX.SeleniumHQJUNIT">
    <skipped/>
  </testcase> <!-- @BeforeClass openBrowser -->
  <testcase name="@AfterClass closeBrowser" time="0.0" classname="MAX.SeleniumHQJUNIT">
    <skipped/>
  </testcase> <!-- @AfterClass closeBrowser -->
  <testcase name="@AfterTest afterTest" time="0.0" classname="MAX.SeleniumHQ">
    <skipped/>
  </testcase> <!-- @AfterTest afterTest -->
  <testcase name="valid_UserCredential" time="0.001" classname="MAX.SeleniumHQJUNIT">
    <skipped/>
  </testcase> <!-- valid_UserCredential -->
  <testcase name="testEasy" time="0.001" classname="MAX.SeleniumHQ">
    <skipped/>
  </testcase> <!-- testEasy -->
  <testcase name="testApp" time="0.001" classname="MAX.AppTest">
    <skipped/>
  </testcase> <!-- testApp -->
</testsuite> <!-- Test(failed)(failed) -->
