<?xml version="1.0" encoding="UTF-8"?>
<testng-results skipped="21" failed="0" total="21" passed="0">
  <reporter-output>
  </reporter-output>
  <suite name="Suite" duration-ms="12" started-at="2017-02-10T17:49:12Z" finished-at="2017-02-10T17:49:12Z">
    <groups>
    </groups>
    <test name="Test" duration-ms="12" started-at="2017-02-10T17:49:12Z" finished-at="2017-02-10T17:49:12Z">
      <class name="MAX.AppTest">
        <test-method status="SKIP" signature="testApp()[pri:0, instance:MAX.AppTest@54cf7c6a]" name="testApp" duration-ms="1" started-at="2017-02-10T12:49:12Z" finished-at="2017-02-10T12:49:12Z">
          <reporter-output>
          </reporter-output>
        </test-method> <!-- testApp -->
      </class> <!-- MAX.AppTest -->
      <class name="MAX.SeleniumHQ">
        <test-method status="FAIL" signature="beforeTest()[pri:0, instance:MAX.SeleniumHQ@5527b211]" name="beforeTest" is-config="true" duration-ms="0" started-at="2017-02-10T12:49:12Z" finished-at="2017-02-10T12:49:12Z">
          <exception class="java.lang.NoClassDefFoundError">
            <message>
              <![CDATA[org/openqa/selenium/remote/RenderedRemoteWebElement]]>
            </message>
            <full-stacktrace>
              <![CDATA[java.lang.NoClassDefFoundError: org/openqa/selenium/remote/RenderedRemoteWebElement
	at java.lang.ClassLoader.defineClass1(Native Method)
	at java.lang.ClassLoader.defineClass(Unknown Source)
	at java.security.SecureClassLoader.defineClass(Unknown Source)
	at java.net.URLClassLoader.defineClass(Unknown Source)
	at java.net.URLClassLoader.access$100(Unknown Source)
	at java.net.URLClassLoader$1.run(Unknown Source)
	at java.net.URLClassLoader$1.run(Unknown Source)
	at java.security.AccessController.doPrivileged(Native Method)
	at java.net.URLClassLoader.findClass(Unknown Source)
	at java.lang.ClassLoader.loadClass(Unknown Source)
	at sun.misc.Launcher$AppClassLoader.loadClass(Unknown Source)
	at java.lang.ClassLoader.loadClass(Unknown Source)
	at MAX.SeleniumHQ.beforeTest(SeleniumHQ.java:30)
	at sun.reflect.NativeMethodAccessorImpl.invoke0(Native Method)
	at sun.reflect.NativeMethodAccessorImpl.invoke(Unknown Source)
	at sun.reflect.DelegatingMethodAccessorImpl.invoke(Unknown Source)
	at java.lang.reflect.Method.invoke(Unknown Source)
	at org.testng.internal.MethodInvocationHelper.invokeMethod(MethodInvocationHelper.java:80)
	at org.testng.internal.Invoker.invokeConfigurationMethod(Invoker.java:564)
	at org.testng.internal.Invoker.invokeConfigurations(Invoker.java:213)
	at org.testng.internal.Invoker.invokeConfigurations(Invoker.java:138)
	at org.testng.TestRunner.beforeRun(TestRunner.java:641)
	at org.testng.TestRunner.run(TestRunner.java:609)
	at org.testng.SuiteRunner.runTest(SuiteRunner.java:334)
	at org.testng.SuiteRunner.runSequentially(SuiteRunner.java:329)
	at org.testng.SuiteRunner.privateRun(SuiteRunner.java:291)
	at org.testng.SuiteRunner.run(SuiteRunner.java:240)
	at org.testng.SuiteRunnerWorker.runSuite(SuiteRunnerWorker.java:52)
	at org.testng.SuiteRunnerWorker.run(SuiteRunnerWorker.java:86)
	at org.testng.TestNG.runSuitesSequentially(TestNG.java:1198)
	at org.testng.TestNG.runSuitesLocally(TestNG.java:1123)
	at org.testng.TestNG.run(TestNG.java:1031)
	at org.testng.remote.AbstractRemoteTestNG.run(AbstractRemoteTestNG.java:132)
	at org.testng.remote.RemoteTestNG.initAndRun(RemoteTestNG.java:236)
	at org.testng.remote.RemoteTestNG.main(RemoteTestNG.java:81)
Caused by: java.lang.ClassNotFoundException: org.openqa.selenium.remote.RenderedRemoteWebElement
	at java.net.URLClassLoader.findClass(Unknown Source)
	at java.lang.ClassLoader.loadClass(Unknown Source)
	at sun.misc.Launcher$AppClassLoader.loadClass(Unknown Source)
	at java.lang.ClassLoader.loadClass(Unknown Source)
	... 35 more
]]>
            </full-stacktrace>
          </exception> <!-- java.lang.NoClassDefFoundError -->
          <reporter-output>
          </reporter-output>
        </test-method> <!-- beforeTest -->
        <test-method status="SKIP" signature="testEasy()[pri:0, instance:MAX.SeleniumHQ@5527b211]" name="testEasy" duration-ms="0" started-at="2017-02-10T12:49:12Z" finished-at="2017-02-10T12:49:12Z">
          <reporter-output>
          </reporter-output>
        </test-method> <!-- testEasy -->
        <test-method status="SKIP" signature="afterTest()[pri:0, instance:MAX.SeleniumHQ@5527b211]" name="afterTest" is-config="true" duration-ms="0" started-at="2017-02-10T12:49:12Z" finished-at="2017-02-10T12:49:12Z">
          <reporter-output>
          </reporter-output>
        </test-method> <!-- afterTest -->
      </class> <!-- MAX.SeleniumHQ -->
      <class name="MAX.SeleniumHQJUNIT">
        <test-method status="SKIP" signature="openBrowser()[pri:0, instance:MAX.SeleniumHQJUNIT@468dda3e]" name="openBrowser" is-config="true" duration-ms="0" started-at="2017-02-10T12:49:12Z" finished-at="2017-02-10T12:49:12Z">
          <reporter-output>
          </reporter-output>
        </test-method> <!-- openBrowser -->
        <test-method status="SKIP" signature="valid_UserCredential()[pri:0, instance:MAX.SeleniumHQJUNIT@468dda3e]" name="valid_UserCredential" duration-ms="1" started-at="2017-02-10T12:49:12Z" finished-at="2017-02-10T12:49:12Z">
          <reporter-output>
          </reporter-output>
        </test-method> <!-- valid_UserCredential -->
        <test-method status="SKIP" signature="closeBrowser()[pri:0, instance:MAX.SeleniumHQJUNIT@468dda3e]" name="closeBrowser" is-config="true" duration-ms="0" started-at="2017-02-10T12:49:12Z" finished-at="2017-02-10T12:49:12Z">
          <reporter-output>
          </reporter-output>
        </test-method> <!-- closeBrowser -->
      </class> <!-- MAX.SeleniumHQJUNIT -->
    </test> <!-- Test -->
  </suite> <!-- Suite -->
  <suite name="Failed suite [Failed suite [Default suite]]" duration-ms="9" started-at="2017-02-10T17:49:12Z" finished-at="2017-02-10T17:49:12Z">
    <groups>
    </groups>
    <test name="Default test(failed)(failed)" duration-ms="9" started-at="2017-02-10T17:49:12Z" finished-at="2017-02-10T17:49:12Z">
      <class name="MAX.AppTest">
        <test-method status="SKIP" signature="testApp()[pri:0, instance:MAX.AppTest@a0db585]" name="testApp" duration-ms="1" started-at="2017-02-10T12:49:12Z" finished-at="2017-02-10T12:49:12Z">
          <reporter-output>
          </reporter-output>
        </test-method> <!-- testApp -->
        <test-method status="SKIP" signature="testApp()[pri:0, instance:MAX.AppTest@a0db585]" name="testApp" duration-ms="1" started-at="2017-02-10T12:49:12Z" finished-at="2017-02-10T12:49:12Z">
          <reporter-output>
          </reporter-output>
        </test-method> <!-- testApp -->
      </class> <!-- MAX.AppTest -->
      <class name="MAX.SeleniumHQ">
        <test-method status="FAIL" signature="beforeTest()[pri:0, instance:MAX.SeleniumHQ@7636823f]" name="beforeTest" is-config="true" duration-ms="0" started-at="2017-02-10T12:49:12Z" finished-at="2017-02-10T12:49:12Z">
          <exception class="java.lang.NoClassDefFoundError">
            <message>
              <![CDATA[org/openqa/selenium/remote/RenderedRemoteWebElement]]>
            </message>
            <full-stacktrace>
              <![CDATA[java.lang.NoClassDefFoundError: org/openqa/selenium/remote/RenderedRemoteWebElement
	at java.lang.ClassLoader.defineClass1(Native Method)
	at java.lang.ClassLoader.defineClass(Unknown Source)
	at java.security.SecureClassLoader.defineClass(Unknown Source)
	at java.net.URLClassLoader.defineClass(Unknown Source)
	at java.net.URLClassLoader.access$100(Unknown Source)
	at java.net.URLClassLoader$1.run(Unknown Source)
	at java.net.URLClassLoader$1.run(Unknown Source)
	at java.security.AccessController.doPrivileged(Native Method)
	at java.net.URLClassLoader.findClass(Unknown Source)
	at java.lang.ClassLoader.loadClass(Unknown Source)
	at sun.misc.Launcher$AppClassLoader.loadClass(Unknown Source)
	at java.lang.ClassLoader.loadClass(Unknown Source)
	at MAX.SeleniumHQ.beforeTest(SeleniumHQ.java:30)
	at sun.reflect.NativeMethodAccessorImpl.invoke0(Native Method)
	at sun.reflect.NativeMethodAccessorImpl.invoke(Unknown Source)
	at sun.reflect.DelegatingMethodAccessorImpl.invoke(Unknown Source)
	at java.lang.reflect.Method.invoke(Unknown Source)
	at org.testng.internal.MethodInvocationHelper.invokeMethod(MethodInvocationHelper.java:80)
	at org.testng.internal.Invoker.invokeConfigurationMethod(Invoker.java:564)
	at org.testng.internal.Invoker.invokeConfigurations(Invoker.java:213)
	at org.testng.internal.Invoker.invokeConfigurations(Invoker.java:138)
	at org.testng.TestRunner.beforeRun(TestRunner.java:641)
	at org.testng.TestRunner.run(TestRunner.java:609)
	at org.testng.SuiteRunner.runTest(SuiteRunner.java:334)
	at org.testng.SuiteRunner.runSequentially(SuiteRunner.java:329)
	at org.testng.SuiteRunner.privateRun(SuiteRunner.java:291)
	at org.testng.SuiteRunner.run(SuiteRunner.java:240)
	at org.testng.SuiteRunnerWorker.runSuite(SuiteRunnerWorker.java:52)
	at org.testng.SuiteRunnerWorker.run(SuiteRunnerWorker.java:86)
	at org.testng.TestNG.runSuitesSequentially(TestNG.java:1198)
	at org.testng.TestNG.runSuitesLocally(TestNG.java:1123)
	at org.testng.TestNG.run(TestNG.java:1031)
	at org.testng.remote.AbstractRemoteTestNG.run(AbstractRemoteTestNG.java:132)
	at org.testng.remote.RemoteTestNG.initAndRun(RemoteTestNG.java:236)
	at org.testng.remote.RemoteTestNG.main(RemoteTestNG.java:81)
Caused by: java.lang.ClassNotFoundException: org.openqa.selenium.remote.RenderedRemoteWebElement
	at java.net.URLClassLoader.findClass(Unknown Source)
	at java.lang.ClassLoader.loadClass(Unknown Source)
	at sun.misc.Launcher$AppClassLoader.loadClass(Unknown Source)
	at java.lang.ClassLoader.loadClass(Unknown Source)
	... 35 more
]]>
            </full-stacktrace>
          </exception> <!-- java.lang.NoClassDefFoundError -->
          <reporter-output>
          </reporter-output>
        </test-method> <!-- beforeTest -->
        <test-method status="SKIP" signature="testEasy()[pri:0, instance:MAX.SeleniumHQ@7636823f]" name="testEasy" duration-ms="1" started-at="2017-02-10T12:49:12Z" finished-at="2017-02-10T12:49:12Z">
          <reporter-output>
          </reporter-output>
        </test-method> <!-- testEasy -->
        <test-method status="SKIP" signature="afterTest()[pri:0, instance:MAX.SeleniumHQ@7636823f]" name="afterTest" is-config="true" duration-ms="0" started-at="2017-02-10T12:49:12Z" finished-at="2017-02-10T12:49:12Z">
          <reporter-output>
          </reporter-output>
        </test-method> <!-- afterTest -->
        <test-method status="SKIP" signature="beforeTest()[pri:0, instance:MAX.SeleniumHQ@7636823f]" name="beforeTest" is-config="true" duration-ms="0" started-at="2017-02-10T12:49:12Z" finished-at="2017-02-10T12:49:12Z">
          <reporter-output>
          </reporter-output>
        </test-method> <!-- beforeTest -->
        <test-method status="SKIP" signature="testEasy()[pri:0, instance:MAX.SeleniumHQ@7636823f]" name="testEasy" duration-ms="1" started-at="2017-02-10T12:49:12Z" finished-at="2017-02-10T12:49:12Z">
          <reporter-output>
          </reporter-output>
        </test-method> <!-- testEasy -->
        <test-method status="SKIP" signature="afterTest()[pri:0, instance:MAX.SeleniumHQ@7636823f]" name="afterTest" is-config="true" duration-ms="0" started-at="2017-02-10T12:49:12Z" finished-at="2017-02-10T12:49:12Z">
          <reporter-output>
          </reporter-output>
        </test-method> <!-- afterTest -->
      </class> <!-- MAX.SeleniumHQ -->
      <class name="MAX.SeleniumHQJUNIT">
        <test-method status="SKIP" signature="openBrowser()[pri:0, instance:MAX.SeleniumHQJUNIT@7c8d5312]" name="openBrowser" is-config="true" duration-ms="0" started-at="2017-02-10T12:49:12Z" finished-at="2017-02-10T12:49:12Z">
          <reporter-output>
          </reporter-output>
        </test-method> <!-- openBrowser -->
        <test-method status="SKIP" signature="valid_UserCredential()[pri:0, instance:MAX.SeleniumHQJUNIT@7c8d5312]" name="valid_UserCredential" duration-ms="1" started-at="2017-02-10T12:49:12Z" finished-at="2017-02-10T12:49:12Z">
          <reporter-output>
          </reporter-output>
        </test-method> <!-- valid_UserCredential -->
        <test-method status="SKIP" signature="closeBrowser()[pri:0, instance:MAX.SeleniumHQJUNIT@7c8d5312]" name="closeBrowser" is-config="true" duration-ms="0" started-at="2017-02-10T12:49:12Z" finished-at="2017-02-10T12:49:12Z">
          <reporter-output>
          </reporter-output>
        </test-method> <!-- closeBrowser -->
        <test-method status="SKIP" signature="valid_UserCredential()[pri:0, instance:MAX.SeleniumHQJUNIT@7c8d5312]" name="valid_UserCredential" duration-ms="0" started-at="2017-02-10T12:49:12Z" finished-at="2017-02-10T12:49:12Z">
          <reporter-output>
          </reporter-output>
        </test-method> <!-- valid_UserCredential -->
        <test-method status="SKIP" signature="closeBrowser()[pri:0, instance:MAX.SeleniumHQJUNIT@7c8d5312]" name="closeBrowser" is-config="true" duration-ms="0" started-at="2017-02-10T12:49:12Z" finished-at="2017-02-10T12:49:12Z">
          <reporter-output>
          </reporter-output>
        </test-method> <!-- closeBrowser -->
      </class> <!-- MAX.SeleniumHQJUNIT -->
    </test> <!-- Default test(failed)(failed) -->
  </suite> <!-- Failed suite [Failed suite [Default suite]] -->
  <suite name="Failed suite [Failed suite [Suite]]" duration-ms="13" started-at="2017-02-10T17:49:12Z" finished-at="2017-02-10T17:49:12Z">
    <groups>
    </groups>
    <test name="Test(failed)(failed)" duration-ms="13" started-at="2017-02-10T17:49:12Z" finished-at="2017-02-10T17:49:12Z">
      <class name="MAX.AppTest">
        <test-method status="SKIP" signature="testApp()[pri:0, instance:MAX.AppTest@8deb645]" name="testApp" duration-ms="1" started-at="2017-02-10T12:49:12Z" finished-at="2017-02-10T12:49:12Z">
          <reporter-output>
          </reporter-output>
        </test-method> <!-- testApp -->
      </class> <!-- MAX.AppTest -->
      <class name="MAX.SeleniumHQ">
        <test-method status="FAIL" signature="beforeTest()[pri:0, instance:MAX.SeleniumHQ@7d9ba6c]" name="beforeTest" is-config="true" duration-ms="0" started-at="2017-02-10T12:49:12Z" finished-at="2017-02-10T12:49:12Z">
          <exception class="java.lang.NoClassDefFoundError">
            <message>
              <![CDATA[org/openqa/selenium/remote/RenderedRemoteWebElement]]>
            </message>
            <full-stacktrace>
              <![CDATA[java.lang.NoClassDefFoundError: org/openqa/selenium/remote/RenderedRemoteWebElement
	at java.lang.ClassLoader.defineClass1(Native Method)
	at java.lang.ClassLoader.defineClass(Unknown Source)
	at java.security.SecureClassLoader.defineClass(Unknown Source)
	at java.net.URLClassLoader.defineClass(Unknown Source)
	at java.net.URLClassLoader.access$100(Unknown Source)
	at java.net.URLClassLoader$1.run(Unknown Source)
	at java.net.URLClassLoader$1.run(Unknown Source)
	at java.security.AccessController.doPrivileged(Native Method)
	at java.net.URLClassLoader.findClass(Unknown Source)
	at java.lang.ClassLoader.loadClass(Unknown Source)
	at sun.misc.Launcher$AppClassLoader.loadClass(Unknown Source)
	at java.lang.ClassLoader.loadClass(Unknown Source)
	at MAX.SeleniumHQ.beforeTest(SeleniumHQ.java:30)
	at sun.reflect.NativeMethodAccessorImpl.invoke0(Native Method)
	at sun.reflect.NativeMethodAccessorImpl.invoke(Unknown Source)
	at sun.reflect.DelegatingMethodAccessorImpl.invoke(Unknown Source)
	at java.lang.reflect.Method.invoke(Unknown Source)
	at org.testng.internal.MethodInvocationHelper.invokeMethod(MethodInvocationHelper.java:80)
	at org.testng.internal.Invoker.invokeConfigurationMethod(Invoker.java:564)
	at org.testng.internal.Invoker.invokeConfigurations(Invoker.java:213)
	at org.testng.internal.Invoker.invokeConfigurations(Invoker.java:138)
	at org.testng.TestRunner.beforeRun(TestRunner.java:641)
	at org.testng.TestRunner.run(TestRunner.java:609)
	at org.testng.SuiteRunner.runTest(SuiteRunner.java:334)
	at org.testng.SuiteRunner.runSequentially(SuiteRunner.java:329)
	at org.testng.SuiteRunner.privateRun(SuiteRunner.java:291)
	at org.testng.SuiteRunner.run(SuiteRunner.java:240)
	at org.testng.SuiteRunnerWorker.runSuite(SuiteRunnerWorker.java:52)
	at org.testng.SuiteRunnerWorker.run(SuiteRunnerWorker.java:86)
	at org.testng.TestNG.runSuitesSequentially(TestNG.java:1198)
	at org.testng.TestNG.runSuitesLocally(TestNG.java:1123)
	at org.testng.TestNG.run(TestNG.java:1031)
	at org.testng.remote.AbstractRemoteTestNG.run(AbstractRemoteTestNG.java:132)
	at org.testng.remote.RemoteTestNG.initAndRun(RemoteTestNG.java:236)
	at org.testng.remote.RemoteTestNG.main(RemoteTestNG.java:81)
Caused by: java.lang.ClassNotFoundException: org.openqa.selenium.remote.RenderedRemoteWebElement
	at java.net.URLClassLoader.findClass(Unknown Source)
	at java.lang.ClassLoader.loadClass(Unknown Source)
	at sun.misc.Launcher$AppClassLoader.loadClass(Unknown Source)
	at java.lang.ClassLoader.loadClass(Unknown Source)
	... 35 more
]]>
            </full-stacktrace>
          </exception> <!-- java.lang.NoClassDefFoundError -->
          <reporter-output>
          </reporter-output>
        </test-method> <!-- beforeTest -->
        <test-method status="SKIP" signature="testEasy()[pri:0, instance:MAX.SeleniumHQ@7d9ba6c]" name="testEasy" duration-ms="1" started-at="2017-02-10T12:49:12Z" finished-at="2017-02-10T12:49:12Z">
          <reporter-output>
          </reporter-output>
        </test-method> <!-- testEasy -->
        <test-method status="SKIP" signature="afterTest()[pri:0, instance:MAX.SeleniumHQ@7d9ba6c]" name="afterTest" is-config="true" duration-ms="0" started-at="2017-02-10T12:49:12Z" finished-at="2017-02-10T12:49:12Z">
          <reporter-output>
          </reporter-output>
        </test-method> <!-- afterTest -->
      </class> <!-- MAX.SeleniumHQ -->
      <class name="MAX.SeleniumHQJUNIT">
        <test-method status="SKIP" signature="openBrowser()[pri:0, instance:MAX.SeleniumHQJUNIT@3e47a03]" name="openBrowser" is-config="true" duration-ms="0" started-at="2017-02-10T12:49:12Z" finished-at="2017-02-10T12:49:12Z">
          <reporter-output>
          </reporter-output>
        </test-method> <!-- openBrowser -->
        <test-method status="SKIP" signature="valid_UserCredential()[pri:0, instance:MAX.SeleniumHQJUNIT@3e47a03]" name="valid_UserCredential" duration-ms="1" started-at="2017-02-10T12:49:12Z" finished-at="2017-02-10T12:49:12Z">
          <reporter-output>
          </reporter-output>
        </test-method> <!-- valid_UserCredential -->
        <test-method status="SKIP" signature="closeBrowser()[pri:0, instance:MAX.SeleniumHQJUNIT@3e47a03]" name="closeBrowser" is-config="true" duration-ms="0" started-at="2017-02-10T12:49:12Z" finished-at="2017-02-10T12:49:12Z">
          <reporter-output>
          </reporter-output>
        </test-method> <!-- closeBrowser -->
      </class> <!-- MAX.SeleniumHQJUNIT -->
    </test> <!-- Test(failed)(failed) -->
  </suite> <!-- Failed suite [Failed suite [Suite]] -->
  <suite name="Failed suite [Suite]" duration-ms="18" started-at="2017-02-10T17:49:12Z" finished-at="2017-02-10T17:49:12Z">
    <groups>
    </groups>
    <test name="Test(failed)" duration-ms="18" started-at="2017-02-10T17:49:12Z" finished-at="2017-02-10T17:49:12Z">
      <class name="MAX.AppTest">
        <test-method status="SKIP" signature="testApp()[pri:0, instance:MAX.AppTest@3f702946]" name="testApp" duration-ms="1" started-at="2017-02-10T12:49:12Z" finished-at="2017-02-10T12:49:12Z">
          <reporter-output>
          </reporter-output>
        </test-method> <!-- testApp -->
      </class> <!-- MAX.AppTest -->
      <class name="MAX.SeleniumHQ">
        <test-method status="FAIL" signature="beforeTest()[pri:0, instance:MAX.SeleniumHQ@e042c99]" name="beforeTest" is-config="true" duration-ms="0" started-at="2017-02-10T12:49:12Z" finished-at="2017-02-10T12:49:12Z">
          <exception class="java.lang.NoClassDefFoundError">
            <message>
              <![CDATA[org/openqa/selenium/remote/RenderedRemoteWebElement]]>
            </message>
            <full-stacktrace>
              <![CDATA[java.lang.NoClassDefFoundError: org/openqa/selenium/remote/RenderedRemoteWebElement
	at java.lang.ClassLoader.defineClass1(Native Method)
	at java.lang.ClassLoader.defineClass(Unknown Source)
	at java.security.SecureClassLoader.defineClass(Unknown Source)
	at java.net.URLClassLoader.defineClass(Unknown Source)
	at java.net.URLClassLoader.access$100(Unknown Source)
	at java.net.URLClassLoader$1.run(Unknown Source)
	at java.net.URLClassLoader$1.run(Unknown Source)
	at java.security.AccessController.doPrivileged(Native Method)
	at java.net.URLClassLoader.findClass(Unknown Source)
	at java.lang.ClassLoader.loadClass(Unknown Source)
	at sun.misc.Launcher$AppClassLoader.loadClass(Unknown Source)
	at java.lang.ClassLoader.loadClass(Unknown Source)
	at MAX.SeleniumHQ.beforeTest(SeleniumHQ.java:30)
	at sun.reflect.NativeMethodAccessorImpl.invoke0(Native Method)
	at sun.reflect.NativeMethodAccessorImpl.invoke(Unknown Source)
	at sun.reflect.DelegatingMethodAccessorImpl.invoke(Unknown Source)
	at java.lang.reflect.Method.invoke(Unknown Source)
	at org.testng.internal.MethodInvocationHelper.invokeMethod(MethodInvocationHelper.java:80)
	at org.testng.internal.Invoker.invokeConfigurationMethod(Invoker.java:564)
	at org.testng.internal.Invoker.invokeConfigurations(Invoker.java:213)
	at org.testng.internal.Invoker.invokeConfigurations(Invoker.java:138)
	at org.testng.TestRunner.beforeRun(TestRunner.java:641)
	at org.testng.TestRunner.run(TestRunner.java:609)
	at org.testng.SuiteRunner.runTest(SuiteRunner.java:334)
	at org.testng.SuiteRunner.runSequentially(SuiteRunner.java:329)
	at org.testng.SuiteRunner.privateRun(SuiteRunner.java:291)
	at org.testng.SuiteRunner.run(SuiteRunner.java:240)
	at org.testng.SuiteRunnerWorker.runSuite(SuiteRunnerWorker.java:52)
	at org.testng.SuiteRunnerWorker.run(SuiteRunnerWorker.java:86)
	at org.testng.TestNG.runSuitesSequentially(TestNG.java:1198)
	at org.testng.TestNG.runSuitesLocally(TestNG.java:1123)
	at org.testng.TestNG.run(TestNG.java:1031)
	at org.testng.remote.AbstractRemoteTestNG.run(AbstractRemoteTestNG.java:132)
	at org.testng.remote.RemoteTestNG.initAndRun(RemoteTestNG.java:236)
	at org.testng.remote.RemoteTestNG.main(RemoteTestNG.java:81)
Caused by: java.lang.ClassNotFoundException: org.openqa.selenium.remote.RenderedRemoteWebElement
	at java.net.URLClassLoader.findClass(Unknown Source)
	at java.lang.ClassLoader.loadClass(Unknown Source)
	at sun.misc.Launcher$AppClassLoader.loadClass(Unknown Source)
	at java.lang.ClassLoader.loadClass(Unknown Source)
	... 35 more
]]>
            </full-stacktrace>
          </exception> <!-- java.lang.NoClassDefFoundError -->
          <reporter-output>
          </reporter-output>
        </test-method> <!-- beforeTest -->
        <test-method status="SKIP" signature="testEasy()[pri:0, instance:MAX.SeleniumHQ@e042c99]" name="testEasy" duration-ms="1" started-at="2017-02-10T12:49:12Z" finished-at="2017-02-10T12:49:12Z">
          <reporter-output>
          </reporter-output>
        </test-method> <!-- testEasy -->
        <test-method status="SKIP" signature="afterTest()[pri:0, instance:MAX.SeleniumHQ@e042c99]" name="afterTest" is-config="true" duration-ms="0" started-at="2017-02-10T12:49:12Z" finished-at="2017-02-10T12:49:12Z">
          <reporter-output>
          </reporter-output>
        </test-method> <!-- afterTest -->
      </class> <!-- MAX.SeleniumHQ -->
      <class name="MAX.SeleniumHQJUNIT">
        <test-method status="SKIP" signature="openBrowser()[pri:0, instance:MAX.SeleniumHQJUNIT@1a2909ae]" name="openBrowser" is-config="true" duration-ms="0" started-at="2017-02-10T12:49:12Z" finished-at="2017-02-10T12:49:12Z">
          <reporter-output>
          </reporter-output>
        </test-method> <!-- openBrowser -->
        <test-method status="SKIP" signature="valid_UserCredential()[pri:0, instance:MAX.SeleniumHQJUNIT@1a2909ae]" name="valid_UserCredential" duration-ms="4" started-at="2017-02-10T12:49:12Z" finished-at="2017-02-10T12:49:12Z">
          <reporter-output>
          </reporter-output>
        </test-method> <!-- valid_UserCredential -->
        <test-method status="SKIP" signature="closeBrowser()[pri:0, instance:MAX.SeleniumHQJUNIT@1a2909ae]" name="closeBrowser" is-config="true" duration-ms="0" started-at="2017-02-10T12:49:12Z" finished-at="2017-02-10T12:49:12Z">
          <reporter-output>
          </reporter-output>
        </test-method> <!-- closeBrowser -->
      </class> <!-- MAX.SeleniumHQJUNIT -->
    </test> <!-- Test(failed) -->
  </suite> <!-- Failed suite [Suite] -->
  <suite name="Failed suite [Failed suite [Failed suite [Default suite]]]" duration-ms="14" started-at="2017-02-10T17:49:12Z" finished-at="2017-02-10T17:49:12Z">
    <groups>
    </groups>
    <test name="Default test(failed)(failed)(failed)" duration-ms="14" started-at="2017-02-10T17:49:12Z" finished-at="2017-02-10T17:49:12Z">
      <class name="MAX.AppTest">
        <test-method status="SKIP" signature="testApp()[pri:0, instance:MAX.AppTest@13741d5a]" name="testApp" duration-ms="1" started-at="2017-02-10T12:49:12Z" finished-at="2017-02-10T12:49:12Z">
          <reporter-output>
          </reporter-output>
        </test-method> <!-- testApp -->
      </class> <!-- MAX.AppTest -->
      <class name="MAX.SeleniumHQ">
        <test-method status="FAIL" signature="beforeTest()[pri:0, instance:MAX.SeleniumHQ@1b5c3e5f]" name="beforeTest" is-config="true" duration-ms="0" started-at="2017-02-10T12:49:12Z" finished-at="2017-02-10T12:49:12Z">
          <exception class="java.lang.NoClassDefFoundError">
            <message>
              <![CDATA[org/openqa/selenium/remote/RenderedRemoteWebElement]]>
            </message>
            <full-stacktrace>
              <![CDATA[java.lang.NoClassDefFoundError: org/openqa/selenium/remote/RenderedRemoteWebElement
	at java.lang.ClassLoader.defineClass1(Native Method)
	at java.lang.ClassLoader.defineClass(Unknown Source)
	at java.security.SecureClassLoader.defineClass(Unknown Source)
	at java.net.URLClassLoader.defineClass(Unknown Source)
	at java.net.URLClassLoader.access$100(Unknown Source)
	at java.net.URLClassLoader$1.run(Unknown Source)
	at java.net.URLClassLoader$1.run(Unknown Source)
	at java.security.AccessController.doPrivileged(Native Method)
	at java.net.URLClassLoader.findClass(Unknown Source)
	at java.lang.ClassLoader.loadClass(Unknown Source)
	at sun.misc.Launcher$AppClassLoader.loadClass(Unknown Source)
	at java.lang.ClassLoader.loadClass(Unknown Source)
	at MAX.SeleniumHQ.beforeTest(SeleniumHQ.java:30)
	at sun.reflect.NativeMethodAccessorImpl.invoke0(Native Method)
	at sun.reflect.NativeMethodAccessorImpl.invoke(Unknown Source)
	at sun.reflect.DelegatingMethodAccessorImpl.invoke(Unknown Source)
	at java.lang.reflect.Method.invoke(Unknown Source)
	at org.testng.internal.MethodInvocationHelper.invokeMethod(MethodInvocationHelper.java:80)
	at org.testng.internal.Invoker.invokeConfigurationMethod(Invoker.java:564)
	at org.testng.internal.Invoker.invokeConfigurations(Invoker.java:213)
	at org.testng.internal.Invoker.invokeConfigurations(Invoker.java:138)
	at org.testng.TestRunner.beforeRun(TestRunner.java:641)
	at org.testng.TestRunner.run(TestRunner.java:609)
	at org.testng.SuiteRunner.runTest(SuiteRunner.java:334)
	at org.testng.SuiteRunner.runSequentially(SuiteRunner.java:329)
	at org.testng.SuiteRunner.privateRun(SuiteRunner.java:291)
	at org.testng.SuiteRunner.run(SuiteRunner.java:240)
	at org.testng.SuiteRunnerWorker.runSuite(SuiteRunnerWorker.java:52)
	at org.testng.SuiteRunnerWorker.run(SuiteRunnerWorker.java:86)
	at org.testng.TestNG.runSuitesSequentially(TestNG.java:1198)
	at org.testng.TestNG.runSuitesLocally(TestNG.java:1123)
	at org.testng.TestNG.run(TestNG.java:1031)
	at org.testng.remote.AbstractRemoteTestNG.run(AbstractRemoteTestNG.java:132)
	at org.testng.remote.RemoteTestNG.initAndRun(RemoteTestNG.java:236)
	at org.testng.remote.RemoteTestNG.main(RemoteTestNG.java:81)
Caused by: java.lang.ClassNotFoundException: org.openqa.selenium.remote.RenderedRemoteWebElement
	at java.net.URLClassLoader.findClass(Unknown Source)
	at java.lang.ClassLoader.loadClass(Unknown Source)
	at sun.misc.Launcher$AppClassLoader.loadClass(Unknown Source)
	at java.lang.ClassLoader.loadClass(Unknown Source)
	... 35 more
]]>
            </full-stacktrace>
          </exception> <!-- java.lang.NoClassDefFoundError -->
          <reporter-output>
          </reporter-output>
        </test-method> <!-- beforeTest -->
        <test-method status="SKIP" signature="testEasy()[pri:0, instance:MAX.SeleniumHQ@1b5c3e5f]" name="testEasy" duration-ms="1" started-at="2017-02-10T12:49:12Z" finished-at="2017-02-10T12:49:12Z">
          <reporter-output>
          </reporter-output>
        </test-method> <!-- testEasy -->
        <test-method status="SKIP" signature="afterTest()[pri:0, instance:MAX.SeleniumHQ@1b5c3e5f]" name="afterTest" is-config="true" duration-ms="0" started-at="2017-02-10T12:49:12Z" finished-at="2017-02-10T12:49:12Z">
          <reporter-output>
          </reporter-output>
        </test-method> <!-- afterTest -->
      </class> <!-- MAX.SeleniumHQ -->
      <class name="MAX.SeleniumHQJUNIT">
        <test-method status="SKIP" signature="openBrowser()[pri:0, instance:MAX.SeleniumHQJUNIT@fb713e7]" name="openBrowser" is-config="true" duration-ms="0" started-at="2017-02-10T12:49:12Z" finished-at="2017-02-10T12:49:12Z">
          <reporter-output>
          </reporter-output>
        </test-method> <!-- openBrowser -->
        <test-method status="SKIP" signature="valid_UserCredential()[pri:0, instance:MAX.SeleniumHQJUNIT@fb713e7]" name="valid_UserCredential" duration-ms="1" started-at="2017-02-10T12:49:12Z" finished-at="2017-02-10T12:49:12Z">
          <reporter-output>
          </reporter-output>
        </test-method> <!-- valid_UserCredential -->
        <test-method status="SKIP" signature="closeBrowser()[pri:0, instance:MAX.SeleniumHQJUNIT@fb713e7]" name="closeBrowser" is-config="true" duration-ms="0" started-at="2017-02-10T12:49:12Z" finished-at="2017-02-10T12:49:12Z">
          <reporter-output>
          </reporter-output>
        </test-method> <!-- closeBrowser -->
      </class> <!-- MAX.SeleniumHQJUNIT -->
    </test> <!-- Default test(failed)(failed)(failed) -->
  </suite> <!-- Failed suite [Failed suite [Failed suite [Default suite]]] -->
  <suite name="Failed suite [Default suite]" duration-ms="86" started-at="2017-02-10T17:49:12Z" finished-at="2017-02-10T17:49:12Z">
    <groups>
    </groups>
    <test name="Default test(failed)" duration-ms="86" started-at="2017-02-10T17:49:12Z" finished-at="2017-02-10T17:49:12Z">
      <class name="MAX.AppTest">
        <test-method status="SKIP" signature="testApp()[pri:0, instance:MAX.AppTest@618ad2aa]" name="testApp" duration-ms="1" started-at="2017-02-10T12:49:12Z" finished-at="2017-02-10T12:49:12Z">
          <reporter-output>
          </reporter-output>
        </test-method> <!-- testApp -->
      </class> <!-- MAX.AppTest -->
      <class name="MAX.SeleniumHQ">
        <test-method status="FAIL" signature="beforeTest()[pri:0, instance:MAX.SeleniumHQ@5ff2b8ca]" name="beforeTest" is-config="true" duration-ms="0" started-at="2017-02-10T12:49:12Z" finished-at="2017-02-10T12:49:12Z">
          <exception class="java.lang.NoClassDefFoundError">
            <message>
              <![CDATA[org/openqa/selenium/remote/RenderedRemoteWebElement]]>
            </message>
            <full-stacktrace>
              <![CDATA[java.lang.NoClassDefFoundError: org/openqa/selenium/remote/RenderedRemoteWebElement
	at java.lang.ClassLoader.defineClass1(Native Method)
	at java.lang.ClassLoader.defineClass(Unknown Source)
	at java.security.SecureClassLoader.defineClass(Unknown Source)
	at java.net.URLClassLoader.defineClass(Unknown Source)
	at java.net.URLClassLoader.access$100(Unknown Source)
	at java.net.URLClassLoader$1.run(Unknown Source)
	at java.net.URLClassLoader$1.run(Unknown Source)
	at java.security.AccessController.doPrivileged(Native Method)
	at java.net.URLClassLoader.findClass(Unknown Source)
	at java.lang.ClassLoader.loadClass(Unknown Source)
	at sun.misc.Launcher$AppClassLoader.loadClass(Unknown Source)
	at java.lang.ClassLoader.loadClass(Unknown Source)
	at MAX.SeleniumHQ.beforeTest(SeleniumHQ.java:30)
	at sun.reflect.NativeMethodAccessorImpl.invoke0(Native Method)
	at sun.reflect.NativeMethodAccessorImpl.invoke(Unknown Source)
	at sun.reflect.DelegatingMethodAccessorImpl.invoke(Unknown Source)
	at java.lang.reflect.Method.invoke(Unknown Source)
	at org.testng.internal.MethodInvocationHelper.invokeMethod(MethodInvocationHelper.java:80)
	at org.testng.internal.Invoker.invokeConfigurationMethod(Invoker.java:564)
	at org.testng.internal.Invoker.invokeConfigurations(Invoker.java:213)
	at org.testng.internal.Invoker.invokeConfigurations(Invoker.java:138)
	at org.testng.TestRunner.beforeRun(TestRunner.java:641)
	at org.testng.TestRunner.run(TestRunner.java:609)
	at org.testng.SuiteRunner.runTest(SuiteRunner.java:334)
	at org.testng.SuiteRunner.runSequentially(SuiteRunner.java:329)
	at org.testng.SuiteRunner.privateRun(SuiteRunner.java:291)
	at org.testng.SuiteRunner.run(SuiteRunner.java:240)
	at org.testng.SuiteRunnerWorker.runSuite(SuiteRunnerWorker.java:52)
	at org.testng.SuiteRunnerWorker.run(SuiteRunnerWorker.java:86)
	at org.testng.TestNG.runSuitesSequentially(TestNG.java:1198)
	at org.testng.TestNG.runSuitesLocally(TestNG.java:1123)
	at org.testng.TestNG.run(TestNG.java:1031)
	at org.testng.remote.AbstractRemoteTestNG.run(AbstractRemoteTestNG.java:132)
	at org.testng.remote.RemoteTestNG.initAndRun(RemoteTestNG.java:236)
	at org.testng.remote.RemoteTestNG.main(RemoteTestNG.java:81)
Caused by: java.lang.ClassNotFoundException: org.openqa.selenium.remote.RenderedRemoteWebElement
	at java.net.URLClassLoader.findClass(Unknown Source)
	at java.lang.ClassLoader.loadClass(Unknown Source)
	at sun.misc.Launcher$AppClassLoader.loadClass(Unknown Source)
	at java.lang.ClassLoader.loadClass(Unknown Source)
	... 35 more
]]>
            </full-stacktrace>
          </exception> <!-- java.lang.NoClassDefFoundError -->
          <reporter-output>
          </reporter-output>
        </test-method> <!-- beforeTest -->
        <test-method status="SKIP" signature="testEasy()[pri:0, instance:MAX.SeleniumHQ@5ff2b8ca]" name="testEasy" duration-ms="2" started-at="2017-02-10T12:49:12Z" finished-at="2017-02-10T12:49:12Z">
          <reporter-output>
          </reporter-output>
        </test-method> <!-- testEasy -->
        <test-method status="SKIP" signature="afterTest()[pri:0, instance:MAX.SeleniumHQ@5ff2b8ca]" name="afterTest" is-config="true" duration-ms="0" started-at="2017-02-10T12:49:12Z" finished-at="2017-02-10T12:49:12Z">
          <reporter-output>
          </reporter-output>
        </test-method> <!-- afterTest -->
      </class> <!-- MAX.SeleniumHQ -->
      <class name="MAX.SeleniumHQJUNIT">
        <test-method status="SKIP" signature="openBrowser()[pri:0, instance:MAX.SeleniumHQJUNIT@7b78ed6a]" name="openBrowser" is-config="true" duration-ms="0" started-at="2017-02-10T12:49:12Z" finished-at="2017-02-10T12:49:12Z">
          <reporter-output>
          </reporter-output>
        </test-method> <!-- openBrowser -->
        <test-method status="SKIP" signature="valid_UserCredential()[pri:0, instance:MAX.SeleniumHQJUNIT@7b78ed6a]" name="valid_UserCredential" duration-ms="1" started-at="2017-02-10T12:49:12Z" finished-at="2017-02-10T12:49:12Z">
          <reporter-output>
          </reporter-output>
        </test-method> <!-- valid_UserCredential -->
        <test-method status="SKIP" signature="closeBrowser()[pri:0, instance:MAX.SeleniumHQJUNIT@7b78ed6a]" name="closeBrowser" is-config="true" duration-ms="0" started-at="2017-02-10T12:49:12Z" finished-at="2017-02-10T12:49:12Z">
          <reporter-output>
          </reporter-output>
        </test-method> <!-- closeBrowser -->
      </class> <!-- MAX.SeleniumHQJUNIT -->
    </test> <!-- Default test(failed) -->
  </suite> <!-- Failed suite [Default suite] -->
</testng-results>
