<?xml version="1.0" encoding="UTF-8"?>
<testng-results skipped="0" failed="0" total="2" passed="2">
  <reporter-output>
  </reporter-output>
  <suite name="Default suite" duration-ms="16524" started-at="2017-02-08T10:29:17Z" finished-at="2017-02-08T10:29:33Z">
    <groups>
    </groups>
    <test name="Default test" duration-ms="16524" started-at="2017-02-08T10:29:17Z" finished-at="2017-02-08T10:29:33Z">
      <class name="MAX.SeleniumHQ">
        <test-method status="PASS" signature="beforeTest()[pri:0, instance:MAX.SeleniumHQ@a7e666]" name="beforeTest" is-config="true" duration-ms="2247" started-at="2017-02-08T05:29:17Z" finished-at="2017-02-08T05:29:19Z">
          <reporter-output>
          </reporter-output>
        </test-method> <!-- beforeTest -->
        <test-method status="PASS" signature="testEasy()[pri:0, instance:MAX.SeleniumHQ@a7e666]" name="testEasy" duration-ms="1530" started-at="2017-02-08T05:29:19Z" finished-at="2017-02-08T05:29:21Z">
          <reporter-output>
          </reporter-output>
        </test-method> <!-- testEasy -->
        <test-method status="PASS" signature="afterTest()[pri:0, instance:MAX.SeleniumHQ@a7e666]" name="afterTest" is-config="true" duration-ms="837" started-at="2017-02-08T05:29:33Z" finished-at="2017-02-08T05:29:33Z">
          <reporter-output>
          </reporter-output>
        </test-method> <!-- afterTest -->
      </class> <!-- MAX.SeleniumHQ -->
      <class name="MAX.SeleniumHQJUNIT">
        <test-method status="PASS" signature="openBrowser()[pri:0, instance:MAX.SeleniumHQJUNIT@1e6d1014]" name="openBrowser" is-config="true" duration-ms="1069" started-at="2017-02-08T05:29:21Z" finished-at="2017-02-08T05:29:22Z">
          <reporter-output>
          </reporter-output>
        </test-method> <!-- openBrowser -->
        <test-method status="PASS" signature="valid_UserCredential()[pri:0, instance:MAX.SeleniumHQJUNIT@1e6d1014]" name="valid_UserCredential" duration-ms="9902" started-at="2017-02-08T05:29:22Z" finished-at="2017-02-08T05:29:32Z">
          <reporter-output>
          </reporter-output>
        </test-method> <!-- valid_UserCredential -->
        <test-method status="PASS" signature="closeBrowser()[pri:0, instance:MAX.SeleniumHQJUNIT@1e6d1014]" name="closeBrowser" is-config="true" duration-ms="922" started-at="2017-02-08T05:29:32Z" finished-at="2017-02-08T05:29:33Z">
          <reporter-output>
          </reporter-output>
        </test-method> <!-- closeBrowser -->
      </class> <!-- MAX.SeleniumHQJUNIT -->
    </test> <!-- Default test -->
  </suite> <!-- Default suite -->
</testng-results>
